<?xml version="1.0" encoding="utf-8"?>
<TestRun id="38d8a703-6b22-4f7b-b84a-82842260fc00" name="@fv-az1970-581 2025-01-20 18:54:46" xmlns="http://microsoft.com/schemas/VisualStudio/TeamTest/2010">
  <Times creation="2025-01-20T18:54:46.9811877+00:00" queuing="2025-01-20T18:54:46.9811878+00:00" start="2025-01-20T18:54:44.8902528+00:00" finish="2025-01-20T18:54:48.1253986+00:00" />
  <TestSettings name="default" id="ac6f494b-ed28-4e87-86fa-5c9c52ca15bb">
    <Deployment runDeploymentRoot="_fv-az1970-581_2025-01-20_18_54_46" />
  </TestSettings>
  <Results>
    <UnitTestResult executionId="d4618c7d-83db-45ba-9643-5e9e3705505a" testId="97daa8b5-96a1-083a-f75f-2932156cc114" testName="CargoHub.Tests.UnitTests.Test_Get_Id_FromDB" computerName="fv-az1970-581" duration="00:00:02.3330154" startTime="2025-01-20T18:54:48.0606034+00:00" endTime="2025-01-20T18:54:48.0606036+00:00" testType="13cdc9d9-ddb5-4fa4-a97d-d965ccfc6d4b" outcome="Passed" testListId="8c84fa94-04c1-424b-9868-57a2d4851a1d" relativeResultsDirectory="d4618c7d-83db-45ba-9643-5e9e3705505a" />
    <UnitTestResult executionId="2cc62b8b-1df9-474e-b89e-080fbc088179" testId="93333064-48ff-704e-a9d2-4ff60fd136b4" testName="CargoHub.Tests.AuthTests.UnauthorizedReturn401" computerName="fv-az1970-581" duration="00:00:00.9009089" startTime="2025-01-20T18:54:46.6440117+00:00" endTime="2025-01-20T18:54:46.6440442+00:00" testType="13cdc9d9-ddb5-4fa4-a97d-d965ccfc6d4b" outcome="Passed" testListId="8c84fa94-04c1-424b-9868-57a2d4851a1d" relativeResultsDirectory="2cc62b8b-1df9-474e-b89e-080fbc088179" />
    <UnitTestResult executionId="01a451e8-54e8-4d07-bc55-2e5861d67272" testId="439ab07f-c1ab-0be3-4c96-85407e99d506" testName="CargoHub.Tests.AuthTests.FalseAPIKeyReturn403" computerName="fv-az1970-581" duration="00:00:00.0247191" startTime="2025-01-20T18:54:46.6765432+00:00" endTime="2025-01-20T18:54:46.6765434+00:00" testType="13cdc9d9-ddb5-4fa4-a97d-d965ccfc6d4b" outcome="Passed" testListId="8c84fa94-04c1-424b-9868-57a2d4851a1d" relativeResultsDirectory="01a451e8-54e8-4d07-bc55-2e5861d67272" />
    <UnitTestResult executionId="1d4a9662-f7ad-4c84-b9bc-2827c0192d09" testId="65a722dd-140d-343e-9503-d7dda0efc748" testName="CargoHub.Tests.IntegrationTests.RunTests.RunIntegrationTests" computerName="fv-az1970-581" duration="00:00:02.0039916" startTime="2025-01-20T18:54:47.7563316+00:00" endTime="2025-01-20T18:54:47.7563318+00:00" testType="13cdc9d9-ddb5-4fa4-a97d-d965ccfc6d4b" outcome="Failed" testListId="8c84fa94-04c1-424b-9868-57a2d4851a1d" relativeResultsDirectory="1d4a9662-f7ad-4c84-b9bc-2827c0192d09">
      <Output>
        <ErrorInfo>
          <Message>System.AggregateException : One or more errors occurred. (Assert.Equal() Failure: Values differ
Expected: Unauthorized
Actual:   OK)
---- Assert.Equal() Failure: Values differ
Expected: Unauthorized
Actual:   OK</Message>
          <StackTrace>   at System.Threading.Tasks.Task.ThrowIfExceptional(Boolean includeTaskCanceledExceptions)
   at System.Threading.Tasks.Task.Wait(Int32 millisecondsTimeout, CancellationToken cancellationToken)
   at System.Threading.Tasks.Task.Wait()
   at CargoHub.Tests.IntegrationTests.RunTests.RunIntegrationTests() in /home/runner/work/CargoHub/CargoHub/CargoHub.Tests/IntegrationTests/RunTests.cs:line 11
   at System.RuntimeMethodHandle.InvokeMethod(Object target, Void** arguments, Signature sig, Boolean isConstructor)
   at System.Reflection.MethodBaseInvoker.InvokeWithNoArgs(Object obj, BindingFlags invokeAttr)
----- Inner Stack Trace -----
   at CargoHub.Tests.GetIntegrationTests.Test_One_ID(String endpoint) in /home/runner/work/CargoHub/CargoHub/CargoHub.Tests/IntegrationTests/GetIntegrationTests.cs:line 69
   at CargoHub.Tests.GetIntegrationTests.Test_Get_Id_Endpoints() in /home/runner/work/CargoHub/CargoHub/CargoHub.Tests/IntegrationTests/GetIntegrationTests.cs:line 51</StackTrace>
        </ErrorInfo>
      </Output>
    </UnitTestResult>
  </Results>
  <TestDefinitions>
    <UnitTest name="CargoHub.Tests.AuthTests.UnauthorizedReturn401" storage="/home/runner/work/cargohub/cargohub/cargohub.tests/bin/debug/net8.0/cargohub.tests.dll" id="93333064-48ff-704e-a9d2-4ff60fd136b4">
      <Execution id="2cc62b8b-1df9-474e-b89e-080fbc088179" />
      <TestMethod codeBase="/home/runner/work/CargoHub/CargoHub/CargoHub.Tests/bin/Debug/net8.0/CargoHub.Tests.dll" adapterTypeName="executor://xunit/VsTestRunner2/netcoreapp" className="CargoHub.Tests.AuthTests" name="UnauthorizedReturn401" />
    </UnitTest>
    <UnitTest name="CargoHub.Tests.UnitTests.Test_Get_Id_FromDB" storage="/home/runner/work/cargohub/cargohub/cargohub.tests/bin/debug/net8.0/cargohub.tests.dll" id="97daa8b5-96a1-083a-f75f-2932156cc114">
      <Execution id="d4618c7d-83db-45ba-9643-5e9e3705505a" />
      <TestMethod codeBase="/home/runner/work/CargoHub/CargoHub/CargoHub.Tests/bin/Debug/net8.0/CargoHub.Tests.dll" adapterTypeName="executor://xunit/VsTestRunner2/netcoreapp" className="CargoHub.Tests.UnitTests" name="Test_Get_Id_FromDB" />
    </UnitTest>
    <UnitTest name="CargoHub.Tests.AuthTests.FalseAPIKeyReturn403" storage="/home/runner/work/cargohub/cargohub/cargohub.tests/bin/debug/net8.0/cargohub.tests.dll" id="439ab07f-c1ab-0be3-4c96-85407e99d506">
      <Execution id="01a451e8-54e8-4d07-bc55-2e5861d67272" />
      <TestMethod codeBase="/home/runner/work/CargoHub/CargoHub/CargoHub.Tests/bin/Debug/net8.0/CargoHub.Tests.dll" adapterTypeName="executor://xunit/VsTestRunner2/netcoreapp" className="CargoHub.Tests.AuthTests" name="FalseAPIKeyReturn403" />
    </UnitTest>
    <UnitTest name="CargoHub.Tests.IntegrationTests.RunTests.RunIntegrationTests" storage="/home/runner/work/cargohub/cargohub/cargohub.tests/bin/debug/net8.0/cargohub.tests.dll" id="65a722dd-140d-343e-9503-d7dda0efc748">
      <Execution id="1d4a9662-f7ad-4c84-b9bc-2827c0192d09" />
      <TestMethod codeBase="/home/runner/work/CargoHub/CargoHub/CargoHub.Tests/bin/Debug/net8.0/CargoHub.Tests.dll" adapterTypeName="executor://xunit/VsTestRunner2/netcoreapp" className="CargoHub.Tests.IntegrationTests.RunTests" name="RunIntegrationTests" />
    </UnitTest>
  </TestDefinitions>
  <TestEntries>
    <TestEntry testId="97daa8b5-96a1-083a-f75f-2932156cc114" executionId="d4618c7d-83db-45ba-9643-5e9e3705505a" testListId="8c84fa94-04c1-424b-9868-57a2d4851a1d" />
    <TestEntry testId="93333064-48ff-704e-a9d2-4ff60fd136b4" executionId="2cc62b8b-1df9-474e-b89e-080fbc088179" testListId="8c84fa94-04c1-424b-9868-57a2d4851a1d" />
    <TestEntry testId="439ab07f-c1ab-0be3-4c96-85407e99d506" executionId="01a451e8-54e8-4d07-bc55-2e5861d67272" testListId="8c84fa94-04c1-424b-9868-57a2d4851a1d" />
    <TestEntry testId="65a722dd-140d-343e-9503-d7dda0efc748" executionId="1d4a9662-f7ad-4c84-b9bc-2827c0192d09" testListId="8c84fa94-04c1-424b-9868-57a2d4851a1d" />
  </TestEntries>
  <TestLists>
    <TestList name="Results Not in a List" id="8c84fa94-04c1-424b-9868-57a2d4851a1d" />
    <TestList name="All Loaded Results" id="19431567-8539-422a-85d7-44ee4e166bda" />
  </TestLists>
  <ResultSummary outcome="Failed">
    <Counters total="4" executed="4" passed="3" failed="1" error="0" timeout="0" aborted="0" inconclusive="0" passedButRunAborted="0" notRunnable="0" notExecuted="0" disconnected="0" warning="0" completed="0" inProgress="0" pending="0" />
    <Output>
      <StdOut>[xUnit.net 00:00:00.00] xUnit.net VSTest Adapter v2.5.3.1+6b60a9e56a (64-bit .NET 8.0.12)
[xUnit.net 00:00:00.12]   Discovering: CargoHub.Tests
[xUnit.net 00:00:00.17]   Discovered:  CargoHub.Tests
[xUnit.net 00:00:00.17]   Starting:    CargoHub.Tests
info: Microsoft.Hosting.Lifetime[14]
      Now listening on: http://0.0.0.0:8080
info: Microsoft.Hosting.Lifetime[14]
      Now listening on: http://0.0.0.0:8080
info: Microsoft.Hosting.Lifetime[14]
      Now listening on: http://0.0.0.0:8080
info: Microsoft.EntityFrameworkCore.Database.Command[20101]
      Executed DbCommand (8ms) [Parameters=[], CommandType='Text', CommandTimeout='30']
      SELECT COUNT(*) FROM "sqlite_master" WHERE "type" = 'table' AND "rootpage" IS NOT NULL;
info: Microsoft.EntityFrameworkCore.Database.Command[20101]
      Executed DbCommand (12ms) [Parameters=[], CommandType='Text', CommandTimeout='30']
      SELECT COUNT(*) FROM "sqlite_master" WHERE "type" = 'table' AND "rootpage" IS NOT NULL;
info: Microsoft.EntityFrameworkCore.Database.Command[20101]
      Executed DbCommand (4ms) [Parameters=[@__p_0='?' (DbType = Int32)], CommandType='Text', CommandTimeout='30']
      SELECT "c"."Id", "c"."Address", "c"."City", "c"."Country", "c"."CreatedAt", "c"."Name", "c"."Province", "c"."UpdatedAt", "c"."contact_email", "c"."contact_name", "c"."zip_code"
      FROM "Client" AS "c"
      WHERE "c"."Id" = @__p_0
      LIMIT 1
info: Microsoft.EntityFrameworkCore.Database.Command[20101]
      Executed DbCommand (4ms) [Parameters=[@__id_0='?' (DbType = Int32)], CommandType='Text', CommandTimeout='30']
      SELECT "c"."Id", "c"."Address", "c"."City", "c"."Country", "c"."CreatedAt", "c"."Name", "c"."Province", "c"."UpdatedAt", "c"."contact_email", "c"."contact_name", "c"."zip_code"
      FROM "Client" AS "c"
      WHERE "c"."Id" = @__id_0
      LIMIT 1
[xUnit.net 00:00:02.28]       System.AggregateException : One or more errors occurred. (Assert.Equal() Failure: Values differ
[xUnit.net 00:00:02.28]       Expected: Unauthorized
[xUnit.net 00:00:02.28]       Actual:   OK)
[xUnit.net 00:00:02.28]       ---- Assert.Equal() Failure: Values differ
[xUnit.net 00:00:02.28]       Expected: Unauthorized
[xUnit.net 00:00:02.28]       Actual:   OK
[xUnit.net 00:00:02.29]       Stack Trace:
[xUnit.net 00:00:02.29]            at System.Threading.Tasks.Task.ThrowIfExceptional(Boolean includeTaskCanceledExceptions)
[xUnit.net 00:00:02.29]            at System.Threading.Tasks.Task.Wait(Int32 millisecondsTimeout, CancellationToken cancellationToken)
[xUnit.net 00:00:02.29]            at System.Threading.Tasks.Task.Wait()
[xUnit.net 00:00:02.29]         /home/runner/work/CargoHub/CargoHub/CargoHub.Tests/IntegrationTests/RunTests.cs(11,0): at CargoHub.Tests.IntegrationTests.RunTests.RunIntegrationTests()
[xUnit.net 00:00:02.29]            at System.RuntimeMethodHandle.InvokeMethod(Object target, Void** arguments, Signature sig, Boolean isConstructor)
[xUnit.net 00:00:02.29]            at System.Reflection.MethodBaseInvoker.InvokeWithNoArgs(Object obj, BindingFlags invokeAttr)
[xUnit.net 00:00:02.29]         ----- Inner Stack Trace -----
[xUnit.net 00:00:02.29]         /home/runner/work/CargoHub/CargoHub/CargoHub.Tests/IntegrationTests/GetIntegrationTests.cs(69,0): at CargoHub.Tests.GetIntegrationTests.Test_One_ID(String endpoint)
[xUnit.net 00:00:02.29]         /home/runner/work/CargoHub/CargoHub/CargoHub.Tests/IntegrationTests/GetIntegrationTests.cs(51,0): at CargoHub.Tests.GetIntegrationTests.Test_Get_Id_Endpoints()
info: Microsoft.EntityFrameworkCore.Database.Command[20101]
      Executed DbCommand (0ms) [Parameters=[], CommandType='Text', CommandTimeout='30']
      SELECT COUNT(*) FROM "sqlite_master" WHERE "type" = 'table' AND "rootpage" IS NOT NULL;
info: Microsoft.EntityFrameworkCore.Database.Command[20101]
      Executed DbCommand (0ms) [Parameters=[@__id_0='?' (DbType = Int32)], CommandType='Text', CommandTimeout='30']
      SELECT "w"."Id", "w"."Address", "w"."City", "w"."Code", "w"."ContactPhone", "w"."Country", "w"."Created_At", "w"."Name", "w"."Province", "w"."Updated_At", "w"."Zip"
      FROM "Warehouse" AS "w"
      WHERE "w"."Id" = @__id_0
      LIMIT 1
info: Microsoft.EntityFrameworkCore.Database.Command[20101]
      Executed DbCommand (0ms) [Parameters=[], CommandType='Text', CommandTimeout='30']
      SELECT COUNT(*) FROM "sqlite_master" WHERE "type" = 'table' AND "rootpage" IS NOT NULL;
info: Microsoft.EntityFrameworkCore.Database.Command[20101]
      Executed DbCommand (0ms) [Parameters=[@__id_0='?' (DbType = Int32)], CommandType='Text', CommandTimeout='30']
      SELECT "l"."Id", "l"."Code", "l"."Created_At", "l"."Name", "l"."Updated_At", "l"."Warehouse_Id"
      FROM "Location" AS "l"
      WHERE "l"."Id" = @__id_0
      LIMIT 1
info: Microsoft.EntityFrameworkCore.Database.Command[20101]
      Executed DbCommand (0ms) [Parameters=[], CommandType='Text', CommandTimeout='30']
      SELECT COUNT(*) FROM "sqlite_master" WHERE "type" = 'table' AND "rootpage" IS NOT NULL;
info: Microsoft.EntityFrameworkCore.Database.Command[20101]
      Executed DbCommand (0ms) [Parameters=[@__id_0='?' (DbType = Int32)], CommandType='Text', CommandTimeout='30']
      SELECT "t"."Id", "t"."Created_At", "t"."ItemsJson", "t"."Reference", "t"."Transfer_From", "t"."Transfer_Status", "t"."Transfer_To", "t"."Updated_At"
      FROM "Transfer" AS "t"
      WHERE "t"."Id" = @__id_0
      LIMIT 1
info: Microsoft.EntityFrameworkCore.Database.Command[20101]
      Executed DbCommand (0ms) [Parameters=[], CommandType='Text', CommandTimeout='30']
      SELECT COUNT(*) FROM "sqlite_master" WHERE "type" = 'table' AND "rootpage" IS NOT NULL;
info: Microsoft.EntityFrameworkCore.Database.Command[20101]
      Executed DbCommand (0ms) [Parameters=[@__id_0='?' (DbType = Int32)], CommandType='Text', CommandTimeout='30']
      SELECT "i"."Id", "i"."Code", "i"."Commodity_Code", "i"."Created_At", "i"."Description", "i"."Item_Group", "i"."Item_Line", "i"."Item_Type", "i"."Model_Number", "i"."Pack_Order_Quantity", "i"."Short_Description", "i"."Supplier_Code", "i"."Supplier_Id", "i"."Supplier_Part_Number", "i"."Uid", "i"."Unit_Order_Quantity", "i"."Unit_Purchase_Quantity", "i"."Upc_Code", "i"."Updated_At"
      FROM "Item" AS "i"
      WHERE "i"."Id" = @__id_0
      LIMIT 1
info: Microsoft.EntityFrameworkCore.Database.Command[20101]
      Executed DbCommand (0ms) [Parameters=[], CommandType='Text', CommandTimeout='30']
      SELECT COUNT(*) FROM "sqlite_master" WHERE "type" = 'table' AND "rootpage" IS NOT NULL;
info: Microsoft.EntityFrameworkCore.Database.Command[20101]
      Executed DbCommand (0ms) [Parameters=[@__id_0='?' (DbType = Int32)], CommandType='Text', CommandTimeout='30']
      SELECT "i"."Id", "i"."Created_At", "i"."Description", "i"."Name", "i"."Updated_At"
      FROM "ItemLine" AS "i"
      WHERE "i"."Id" = @__id_0
      LIMIT 1
info: Microsoft.EntityFrameworkCore.Database.Command[20101]
      Executed DbCommand (0ms) [Parameters=[], CommandType='Text', CommandTimeout='30']
      SELECT COUNT(*) FROM "sqlite_master" WHERE "type" = 'table' AND "rootpage" IS NOT NULL;
info: Microsoft.EntityFrameworkCore.Database.Command[20101]
      Executed DbCommand (0ms) [Parameters=[@__id_0='?' (DbType = Int32)], CommandType='Text', CommandTimeout='30']
      SELECT "i"."Id", "i"."Created_At", "i"."Description", "i"."Name", "i"."Updated_At"
      FROM "ItemGroup" AS "i"
      WHERE "i"."Id" = @__id_0
      LIMIT 1
info: Microsoft.EntityFrameworkCore.Database.Command[20101]
      Executed DbCommand (0ms) [Parameters=[], CommandType='Text', CommandTimeout='30']
      SELECT COUNT(*) FROM "sqlite_master" WHERE "type" = 'table' AND "rootpage" IS NOT NULL;
info: Microsoft.EntityFrameworkCore.Database.Command[20101]
      Executed DbCommand (0ms) [Parameters=[@__id_0='?' (DbType = Int32)], CommandType='Text', CommandTimeout='30']
      SELECT "i"."Id", "i"."Created_At", "i"."Description", "i"."Name", "i"."Updated_At"
      FROM "ItemType" AS "i"
      WHERE "i"."Id" = @__id_0
      LIMIT 1
info: Microsoft.EntityFrameworkCore.Database.Command[20101]
      Executed DbCommand (0ms) [Parameters=[], CommandType='Text', CommandTimeout='30']
      SELECT COUNT(*) FROM "sqlite_master" WHERE "type" = 'table' AND "rootpage" IS NOT NULL;
info: Microsoft.EntityFrameworkCore.Database.Command[20101]
      Executed DbCommand (0ms) [Parameters=[@__id_0='?' (DbType = Int32)], CommandType='Text', CommandTimeout='30']
      SELECT "i"."Id", "i"."Created_At", "i"."Description", "i"."Item_Id", "i"."Item_Reference", "i"."Locations", "i"."Total_Allocated", "i"."Total_Available", "i"."Total_Expected", "i"."Total_On_Hand", "i"."Total_Ordered", "i"."Updated_At"
      FROM "Inventory" AS "i"
      WHERE "i"."Id" = @__id_0
      LIMIT 1
info: Microsoft.EntityFrameworkCore.Database.Command[20101]
      Executed DbCommand (0ms) [Parameters=[], CommandType='Text', CommandTimeout='30']
      SELECT COUNT(*) FROM "sqlite_master" WHERE "type" = 'table' AND "rootpage" IS NOT NULL;
info: Microsoft.EntityFrameworkCore.Database.Command[20101]
      Executed DbCommand (0ms) [Parameters=[@__id_0='?' (DbType = Int32)], CommandType='Text', CommandTimeout='30']
      SELECT "s"."Id", "s"."Address", "s"."Address_Extra", "s"."City", "s"."Code", "s"."Contact_Name", "s"."Country", "s"."Created_At", "s"."Name", "s"."Phonenumber", "s"."Province", "s"."Reference", "s"."Updated_At", "s"."Zip_Code"
      FROM "Supplier" AS "s"
      WHERE "s"."Id" = @__id_0
      LIMIT 1
info: Microsoft.EntityFrameworkCore.Database.Command[20101]
      Executed DbCommand (0ms) [Parameters=[], CommandType='Text', CommandTimeout='30']
      SELECT COUNT(*) FROM "sqlite_master" WHERE "type" = 'table' AND "rootpage" IS NOT NULL;
info: Microsoft.EntityFrameworkCore.Database.Command[20101]
      Executed DbCommand (0ms) [Parameters=[@__id_0='?' (DbType = Int32)], CommandType='Text', CommandTimeout='30']
      SELECT "o"."Id", "o"."Bill_To", "o"."Created_At", "o"."ItemsJson", "o"."Notes", "o"."Order_Date", "o"."Order_Status", "o"."Picking_Notes", "o"."Reference", "o"."Reference_Extra", "o"."Request_Date", "o"."Ship_To", "o"."Shipment_Id", "o"."Shipping_Notes", "o"."Source_Id", "o"."Total_Amount", "o"."Total_Discount", "o"."Total_Surcharge", "o"."Total_Tax", "o"."Updated_At", "o"."Warehouse_Id"
      FROM "Order" AS "o"
      WHERE "o"."Id" = @__id_0
      LIMIT 1
info: Microsoft.EntityFrameworkCore.Database.Command[20101]
      Executed DbCommand (0ms) [Parameters=[], CommandType='Text', CommandTimeout='30']
      SELECT COUNT(*) FROM "sqlite_master" WHERE "type" = 'table' AND "rootpage" IS NOT NULL;
info: Microsoft.EntityFrameworkCore.Database.Command[20101]
      Executed DbCommand (0ms) [Parameters=[@__id_0='?' (DbType = Int32)], CommandType='Text', CommandTimeout='30']
      SELECT "s"."Id", "s"."Carrier_Code", "s"."Carrier_Description", "s"."Created_At", "s"."ItemsJson", "s"."Notes", "s"."Order_Date", "s"."Order_Id", "s"."Payment_Type", "s"."Request_Date", "s"."Service_Code", "s"."Shipment_Date", "s"."Shipment_Status", "s"."Shipment_Type", "s"."Source_Id", "s"."Total_Package_Count", "s"."Total_Package_Weight", "s"."Transfer_Mode", "s"."Updated_At"
      FROM "Shipment" AS "s"
      WHERE "s"."Id" = @__id_0
      LIMIT 1
[xUnit.net 00:00:02.59]   Finished:    CargoHub.Tests
</StdOut>
    </Output>
    <RunInfos>
      <RunInfo computerName="fv-az1970-581" outcome="Error" timestamp="2025-01-20T18:54:47.7532015+00:00">
        <Text>[xUnit.net 00:00:02.28]     CargoHub.Tests.IntegrationTests.RunTests.RunIntegrationTests [FAIL]</Text>
      </RunInfo>
    </RunInfos>
  </ResultSummary>
</TestRun>